<?xml version="1.0" encoding="UTF-8"?>
<testsuite name="CubeTest" tests="1" skipped="0" failures="0" errors="0" timestamp="2015-08-19T21:23:06" hostname="epicodus-106.local" time="0.001">
  <properties/>
  <testcase name="Volume_determinesTheVolumeOfTheCube_27000" classname="CubeTest" time="0.001"/>
  <system-out><![CDATA[]]></system-out>
  <system-err><![CDATA[]]></system-err>
</testsuite>
