<?xml version="1.0" encoding="UTF-8"?>
<testsuite name="RectangleTest" tests="3" skipped="0" failures="0" errors="0" timestamp="2015-08-17T18:00:55" hostname="epicodus-108.local" time="0.002">
  <properties/>
  <testcase name="newRectangle_instanciatesCorrectly" classname="RectangleTest" time="0.001"/>
  <testcase name="isSquare_whenNotASquare_false" classname="RectangleTest" time="0.0"/>
  <testcase name="isSquare_whenIsASquare_true" classname="RectangleTest" time="0.0"/>
  <system-out><![CDATA[]]></system-out>
  <system-err><![CDATA[]]></system-err>
</testsuite>
